1509959780968	geckodriver	INFO	Listening on 127.0.0.1:58561
1509959782004	mozprofile::profile	INFO	Using profile path /tmp/rust_mozprofile.0uCtEAVJHDgK
1509959782005	geckodriver::marionette	INFO	Starting browser /usr/bin/firefox with args []
1509959782008	geckodriver::marionette	INFO	Connecting to Marionette on localhost:50018

(firefox:4167): GLib-GObject-CRITICAL **: g_object_ref: assertion 'object->ref_count > 0' failed

(firefox:4167): GLib-GObject-CRITICAL **: g_object_unref: assertion 'object->ref_count > 0' failed

(firefox:4167): GLib-GObject-CRITICAL **: g_object_ref: assertion 'object->ref_count > 0' failed

(firefox:4167): GLib-GObject-CRITICAL **: g_object_unref: assertion 'object->ref_count > 0' failed
1509959785085	Marionette	WARN	Deprecated preference marionette.defaultPrefs.enabled detected, please use marionette.enabled
1509959789184	Marionette	INFO	Listening on port 50018
1509959789234	Marionette	WARN	TLS certificate errors will be ignored for this session
1509959935134	geckodriver	INFO	Listening on 127.0.0.1:52460
1509959936175	mozprofile::profile	INFO	Using profile path /tmp/rust_mozprofile.ygFWJpL9yDCA
1509959936176	geckodriver::marionette	INFO	Starting browser /usr/bin/firefox with args []
1509959936177	geckodriver::marionette	INFO	Connecting to Marionette on localhost:50262

(firefox:4289): GLib-GObject-CRITICAL **: g_object_ref: assertion 'object->ref_count > 0' failed

(firefox:4289): GLib-GObject-CRITICAL **: g_object_unref: assertion 'object->ref_count > 0' failed

(firefox:4289): GLib-GObject-CRITICAL **: g_object_ref: assertion 'object->ref_count > 0' failed

(firefox:4289): GLib-GObject-CRITICAL **: g_object_unref: assertion 'object->ref_count > 0' failed
1509959936749	Marionette	WARN	Deprecated preference marionette.defaultPrefs.enabled detected, please use marionette.enabled
1509959939477	Marionette	INFO	Listening on port 50262
1509959939520	Marionette	WARN	TLS certificate errors will be ignored for this session
1509959941398	Marionette	INFO	Ceased listening

(firefox:4289): GLib-GObject-CRITICAL **: g_object_ref: assertion 'object->ref_count > 0' failed

(firefox:4289): GLib-GObject-CRITICAL **: g_object_unref: assertion 'object->ref_count > 0' failed

(firefox:4289): GLib-GObject-CRITICAL **: g_object_ref: assertion 'object->ref_count > 0' failed

(firefox:4289): GLib-GObject-CRITICAL **: g_object_unref: assertion 'object->ref_count > 0' failed

(firefox:4289): GLib-GObject-CRITICAL **: g_object_ref: assertion 'object->ref_count > 0' failed

(firefox:4289): GLib-GObject-CRITICAL **: g_object_unref: assertion 'object->ref_count > 0' failed

(firefox:4289): GLib-GObject-CRITICAL **: g_object_ref: assertion 'object->ref_count > 0' failed

(firefox:4289): GLib-GObject-CRITICAL **: g_object_unref: assertion 'object->ref_count > 0' failed

(firefox:4289): GLib-GObject-CRITICAL **: g_object_ref: assertion 'object->ref_count > 0' failed

(firefox:4289): GLib-GObject-CRITICAL **: g_object_unref: assertion 'object->ref_count > 0' failed
1509959942183	Marionette	INFO	Ceased listening

(firefox:4167): GLib-GObject-CRITICAL **: g_object_ref: assertion 'object->ref_count > 0' failed

(firefox:4167): GLib-GObject-CRITICAL **: g_object_unref: assertion 'object->ref_count > 0' failed

(firefox:4167): GLib-GObject-CRITICAL **: g_object_ref: assertion 'object->ref_count > 0' failed

(firefox:4167): GLib-GObject-CRITICAL **: g_object_unref: assertion 'object->ref_count > 0' failed

(firefox:4167): GLib-GObject-CRITICAL **: g_object_ref: assertion 'object->ref_count > 0' failed

(firefox:4167): GLib-GObject-CRITICAL **: g_object_unref: assertion 'object->ref_count > 0' failed

(firefox:4167): GLib-GObject-CRITICAL **: g_object_ref: assertion 'object->ref_count > 0' failed

(firefox:4167): GLib-GObject-CRITICAL **: g_object_unref: assertion 'object->ref_count > 0' failed

(firefox:4167): GLib-GObject-CRITICAL **: g_object_ref: assertion 'object->ref_count > 0' failed

(firefox:4167): GLib-GObject-CRITICAL **: g_object_unref: assertion 'object->ref_count > 0' failed
1509959943865	geckodriver	INFO	Listening on 127.0.0.1:53630
1509959944903	mozprofile::profile	INFO	Using profile path /tmp/rust_mozprofile.n03cI0bMPZRH
1509959944904	geckodriver::marionette	INFO	Starting browser /usr/bin/firefox with args []
1509959944905	geckodriver::marionette	INFO	Connecting to Marionette on localhost:56441

(firefox:4442): GLib-GObject-CRITICAL **: g_object_ref: assertion 'object->ref_count > 0' failed

(firefox:4442): GLib-GObject-CRITICAL **: g_object_unref: assertion 'object->ref_count > 0' failed

(firefox:4442): GLib-GObject-CRITICAL **: g_object_ref: assertion 'object->ref_count > 0' failed

(firefox:4442): GLib-GObject-CRITICAL **: g_object_unref: assertion 'object->ref_count > 0' failed
1509959945450	Marionette	WARN	Deprecated preference marionette.defaultPrefs.enabled detected, please use marionette.enabled
1509959947979	Marionette	INFO	Listening on port 56441
1509959948088	Marionette	WARN	TLS certificate errors will be ignored for this session
*************************
A coding exception was thrown and uncaught in a Task.

Full message: TypeError: NetworkError when attempting to fetch resource.
Full stack: 
*************************
1509961009282	geckodriver	INFO	Listening on 127.0.0.1:54189
1509961010357	mozprofile::profile	INFO	Using profile path /tmp/rust_mozprofile.V2KcICvTG6NR
1509961010358	geckodriver::marionette	INFO	Starting browser /usr/bin/firefox with args []
1509961010376	geckodriver::marionette	INFO	Connecting to Marionette on localhost:46983

(firefox:4941): GLib-GObject-CRITICAL **: g_object_ref: assertion 'object->ref_count > 0' failed

(firefox:4941): GLib-GObject-CRITICAL **: g_object_unref: assertion 'object->ref_count > 0' failed

(firefox:4941): GLib-GObject-CRITICAL **: g_object_ref: assertion 'object->ref_count > 0' failed

(firefox:4941): GLib-GObject-CRITICAL **: g_object_unref: assertion 'object->ref_count > 0' failed
1509961013743	Marionette	WARN	Deprecated preference marionette.defaultPrefs.enabled detected, please use marionette.enabled
1509961016992	Marionette	INFO	Listening on port 46983
1509961017111	Marionette	WARN	TLS certificate errors will be ignored for this session
JavaScript error: https://www.lifetein.com/js/jquery.dropdown.js, line 3: ReferenceError: $ is not defined
JavaScript error: https://www.lifetein.com/js/combined.min.js, line 5: TypeError: (intermediate value)(...) is not a function
JavaScript warning: https://static.pubmed.gov/portal/portal3rc.fcgi/4166260/js/3812534/4087685/3812535/4155155/3990644/3812291/3908752/3879255/4121861/4123007/4010399/4110099/4010270/4076480/4001808.js, line 1197: unreachable code after return statement
JavaScript warning: https://static.pubmed.gov/portal/portal3rc.fcgi/4166260/js/3812534/4087685/3812535/4155155/3990644/4123007/4010399/4110099/4080513/3990642/4069329/4161496/4076482/2486879/2600938/3758627/20927/3812291/3908752/3423/4018706/4010028/4011871/4015648/4159983/3920825/3989002/4120364/4001808.js, line 4898: unreachable code after return statement
JavaScript warning: https://ajax.googleapis.com/ajax/libs/jquery/1.10.1/jquery.min.js, line 1: Using //@ to indicate sourceMappingURL pragmas is deprecated. Use //# instead
JavaScript warning: https://cdn.els-cdn.com/sd/js/sd_1710R1.js, line 389: unreachable code after return statement
JavaScript warning: http://sciverse-shindig.elsevier.com/gadgets/ifr?container=default&mid=0&nocache=1&country=ALL&lang=ALL&view=profile&parent=http%3A%2F%2Fwww.sciencedirect.com%2Fscience%2Farticle%2Fpii%2FS0005273600002169%3A%2F%2Fwww.sciencedirect.com&up_SiteCatalyst=http%3A%2F%2Fcdn.els-cdn.com%2Fgadgets%2Fprod%2Fjs%2Fv3%2Fs_code_1.js&up_Beacon=http%3A%2F%2Fcdn.els-cdn.com%2Fgadgets%2Fprod%2Fjs%2Fv1%2Fs_beacon.js&up_gadgetId=299100&up_startMeInvisible=y&st=john.doe:john.doe:appid:cont:url:0:default&url=http%3A%2F%2Fae-content.elsevier.com%2Fsvapp%2F299100%2Fprod%2Fprivate%2Fspec.xml#rpctoken=1586241590, line 2244: unreachable code after return statement
JavaScript warning: https://static.pubmed.gov/portal/portal3rc.fcgi/4166260/js/3812534/4087685/3812535/4155155/3990644/3812291/3908752/3879255/4121861/4123007/4010399/4110099/4010270/4076480/4001808.js, line 1197: unreachable code after return statement
JavaScript warning: https://static.pubmed.gov/portal/portal3rc.fcgi/4166260/js/3812534/4087685/3812535/4155155/3990644/4123007/4010399/4110099/4080513/3990642/4069329/4161496/4076482/2486879/2600938/3758627/20927/3812291/3908752/3423/4018706/4010028/4011871/4015648/4159983/3920825/3989002/4120364/4001808.js, line 4898: unreachable code after return statement
JavaScript warning: https://ajax.googleapis.com/ajax/libs/jquery/1.10.1/jquery.min.js, line 1: Using //@ to indicate sourceMappingURL pragmas is deprecated. Use //# instead
1528774297382	geckodriver	INFO	Listening on 127.0.0.1:53934
1528774298560	mozprofile::profile	INFO	Using profile path /tmp/rust_mozprofile.O6RlLfLBNmzE
1528774298561	geckodriver::marionette	INFO	Starting browser /usr/bin/firefox with args []
1528774298564	geckodriver::marionette	INFO	Connecting to Marionette on localhost:47125
1528774300062	Marionette	INFO	Enabled via --marionette

(firefox:22837): GLib-GObject-CRITICAL **: g_object_ref: assertion 'object->ref_count > 0' failed

(firefox:22837): GLib-GObject-CRITICAL **: g_object_unref: assertion 'object->ref_count > 0' failed

(firefox:22837): GLib-GObject-CRITICAL **: g_object_ref: assertion 'object->ref_count > 0' failed

(firefox:22837): GLib-GObject-CRITICAL **: g_object_unref: assertion 'object->ref_count > 0' failed

(firefox:22837): GLib-GObject-CRITICAL **: g_object_ref: assertion 'object->ref_count > 0' failed

(firefox:22837): GLib-GObject-CRITICAL **: g_object_unref: assertion 'object->ref_count > 0' failed

(/usr/lib/firefox/firefox:22903): GLib-GObject-CRITICAL **: g_object_ref: assertion 'object->ref_count > 0' failed

(/usr/lib/firefox/firefox:22903): GLib-GObject-CRITICAL **: g_object_unref: assertion 'object->ref_count > 0' failed

(/usr/lib/firefox/firefox:22903): GLib-GObject-CRITICAL **: g_object_ref: assertion 'object->ref_count > 0' failed

(/usr/lib/firefox/firefox:22903): GLib-GObject-CRITICAL **: g_object_unref: assertion 'object->ref_count > 0' failed

(/usr/lib/firefox/firefox:22903): GLib-GObject-CRITICAL **: g_object_ref: assertion 'object->ref_count > 0' failed

(/usr/lib/firefox/firefox:22903): GLib-GObject-CRITICAL **: g_object_unref: assertion 'object->ref_count > 0' failed
1528774303514	Marionette	INFO	Listening on port 47125
1528774399506	geckodriver	INFO	Listening on 127.0.0.1:54450
1528774400545	mozprofile::profile	INFO	Using profile path /tmp/rust_mozprofile.kDhfw5gzFxsf
1528774400546	geckodriver::marionette	INFO	Starting browser /usr/bin/firefox with args []
1528774400549	geckodriver::marionette	INFO	Connecting to Marionette on localhost:45405
1528774401316	Marionette	INFO	Enabled via --marionette

(firefox:23048): GLib-GObject-CRITICAL **: g_object_ref: assertion 'object->ref_count > 0' failed

(firefox:23048): GLib-GObject-CRITICAL **: g_object_unref: assertion 'object->ref_count > 0' failed

(firefox:23048): GLib-GObject-CRITICAL **: g_object_ref: assertion 'object->ref_count > 0' failed

(firefox:23048): GLib-GObject-CRITICAL **: g_object_unref: assertion 'object->ref_count > 0' failed

(firefox:23048): GLib-GObject-CRITICAL **: g_object_ref: assertion 'object->ref_count > 0' failed

(firefox:23048): GLib-GObject-CRITICAL **: g_object_unref: assertion 'object->ref_count > 0' failed

(/usr/lib/firefox/firefox:23112): GLib-GObject-CRITICAL **: g_object_ref: assertion 'object->ref_count > 0' failed

(/usr/lib/firefox/firefox:23112): GLib-GObject-CRITICAL **: g_object_unref: assertion 'object->ref_count > 0' failed

(/usr/lib/firefox/firefox:23112): GLib-GObject-CRITICAL **: g_object_ref: assertion 'object->ref_count > 0' failed

(/usr/lib/firefox/firefox:23112): GLib-GObject-CRITICAL **: g_object_unref: assertion 'object->ref_count > 0' failed

(/usr/lib/firefox/firefox:23112): GLib-GObject-CRITICAL **: g_object_ref: assertion 'object->ref_count > 0' failed

(/usr/lib/firefox/firefox:23112): GLib-GObject-CRITICAL **: g_object_unref: assertion 'object->ref_count > 0' failed
1528774403240	Marionette	INFO	Listening on port 45405
1528774404444	addons.xpi	WARN	Exception running bootstrap method shutdown on activity-stream@mozilla.org: [Exception... "Component returned failure code: 0x80004005 (NS_ERROR_FAILURE) [nsIObserverService.removeObserver]"  nsresult: "0x80004005 (NS_ERROR_FAILURE)"  location: "JS frame :: resource://activity-stream/lib/SnippetsFeed.jsm :: uninit :: line 125"  data: no] Stack trace: uninit()@resource://activity-stream/lib/SnippetsFeed.jsm:125 < onAction()@resource://activity-stream/lib/SnippetsFeed.jsm:141 < _middleware/</<()@resource://activity-stream/lib/Store.jsm:51 < Store/this[method]()@resource://activity-stream/lib/Store.jsm:30 < uninit()@resource://activity-stream/lib/Store.jsm:153 < uninit()@resource://activity-stream/lib/ActivityStream.jsm:274 < uninit()@resource://gre/modules/addons/XPIProvider.jsm -> jar:file:///usr/lib/firefox/browser/features/activity-stream@mozilla.org.xpi!/bootstrap.js:80 < shutdown()@resource://gre/modules/addons/XPIProvider.jsm -> jar:file:///usr/lib/firefox/browser/features/activity-stream@mozilla.org.xpi!/bootstrap.js:196 < callBootstrapMethod()@resource://gre/modules/addons/XPIProvider.jsm:4419 < observe()@resource://gre/modules/addons/XPIProvider.jsm:2279
1528774436807	geckodriver	INFO	Listening on 127.0.0.1:46940
1528774437850	mozprofile::profile	INFO	Using profile path /tmp/rust_mozprofile.VDcZyyCgFW5i
1528774437851	geckodriver::marionette	INFO	Starting browser /usr/bin/firefox with args []
1528774437854	geckodriver::marionette	INFO	Connecting to Marionette on localhost:48304
1528774438612	Marionette	INFO	Enabled via --marionette

(firefox:23244): GLib-GObject-CRITICAL **: g_object_ref: assertion 'object->ref_count > 0' failed

(firefox:23244): GLib-GObject-CRITICAL **: g_object_unref: assertion 'object->ref_count > 0' failed

(firefox:23244): GLib-GObject-CRITICAL **: g_object_ref: assertion 'object->ref_count > 0' failed

(firefox:23244): GLib-GObject-CRITICAL **: g_object_unref: assertion 'object->ref_count > 0' failed

(firefox:23244): GLib-GObject-CRITICAL **: g_object_ref: assertion 'object->ref_count > 0' failed

(firefox:23244): GLib-GObject-CRITICAL **: g_object_unref: assertion 'object->ref_count > 0' failed

(/usr/lib/firefox/firefox:23307): GLib-GObject-CRITICAL **: g_object_ref: assertion 'object->ref_count > 0' failed

(/usr/lib/firefox/firefox:23307): GLib-GObject-CRITICAL **: g_object_unref: assertion 'object->ref_count > 0' failed

(/usr/lib/firefox/firefox:23307): GLib-GObject-CRITICAL **: g_object_ref: assertion 'object->ref_count > 0' failed

(/usr/lib/firefox/firefox:23307): GLib-GObject-CRITICAL **: g_object_unref: assertion 'object->ref_count > 0' failed

(/usr/lib/firefox/firefox:23307): GLib-GObject-CRITICAL **: g_object_ref: assertion 'object->ref_count > 0' failed

(/usr/lib/firefox/firefox:23307): GLib-GObject-CRITICAL **: g_object_unref: assertion 'object->ref_count > 0' failed
1528774440494	Marionette	INFO	Listening on port 48304
1528774441876	addons.xpi	WARN	Exception running bootstrap method shutdown on activity-stream@mozilla.org: [Exception... "Component returned failure code: 0x80004005 (NS_ERROR_FAILURE) [nsIObserverService.removeObserver]"  nsresult: "0x80004005 (NS_ERROR_FAILURE)"  location: "JS frame :: resource://activity-stream/lib/SnippetsFeed.jsm :: uninit :: line 125"  data: no] Stack trace: uninit()@resource://activity-stream/lib/SnippetsFeed.jsm:125 < onAction()@resource://activity-stream/lib/SnippetsFeed.jsm:141 < _middleware/</<()@resource://activity-stream/lib/Store.jsm:51 < Store/this[method]()@resource://activity-stream/lib/Store.jsm:30 < uninit()@resource://activity-stream/lib/Store.jsm:153 < uninit()@resource://activity-stream/lib/ActivityStream.jsm:274 < uninit()@resource://gre/modules/addons/XPIProvider.jsm -> jar:file:///usr/lib/firefox/browser/features/activity-stream@mozilla.org.xpi!/bootstrap.js:80 < shutdown()@resource://gre/modules/addons/XPIProvider.jsm -> jar:file:///usr/lib/firefox/browser/features/activity-stream@mozilla.org.xpi!/bootstrap.js:196 < callBootstrapMethod()@resource://gre/modules/addons/XPIProvider.jsm:4419 < observe()@resource://gre/modules/addons/XPIProvider.jsm:2279

(firefox:22837): GLib-GObject-CRITICAL **: g_object_ref: assertion 'object->ref_count > 0' failed

(firefox:22837): GLib-GObject-CRITICAL **: g_object_unref: assertion 'object->ref_count > 0' failed

(firefox:22837): GLib-GObject-CRITICAL **: g_object_ref: assertion 'object->ref_count > 0' failed

(firefox:22837): GLib-GObject-CRITICAL **: g_object_unref: assertion 'object->ref_count > 0' failed

(firefox:22837): GLib-GObject-CRITICAL **: g_object_ref: assertion 'object->ref_count > 0' failed

(firefox:22837): GLib-GObject-CRITICAL **: g_object_unref: assertion 'object->ref_count > 0' failed

(firefox:22837): GLib-GObject-CRITICAL **: g_object_ref: assertion 'object->ref_count > 0' failed

(firefox:22837): GLib-GObject-CRITICAL **: g_object_unref: assertion 'object->ref_count > 0' failed

(firefox:22837): GLib-GObject-CRITICAL **: g_object_ref: assertion 'object->ref_count > 0' failed

(firefox:22837): GLib-GObject-CRITICAL **: g_object_unref: assertion 'object->ref_count > 0' failed

(firefox:22837): GLib-GObject-CRITICAL **: g_object_ref: assertion 'object->ref_count > 0' failed

(firefox:22837): GLib-GObject-CRITICAL **: g_object_unref: assertion 'object->ref_count > 0' failed

(firefox:22837): GLib-GObject-CRITICAL **: g_object_ref: assertion 'object->ref_count > 0' failed

(firefox:22837): GLib-GObject-CRITICAL **: g_object_unref: assertion 'object->ref_count > 0' failed
*** UTM:SVC TimerManager:registerTimer called after profile-before-change notification. Ignoring timer registration for id: telemetry_modules_ping

(firefox:23244): GLib-GObject-CRITICAL **: g_object_ref: assertion 'object->ref_count > 0' failed

(firefox:23244): GLib-GObject-CRITICAL **: g_object_unref: assertion 'object->ref_count > 0' failed

(firefox:23244): GLib-GObject-CRITICAL **: g_object_ref: assertion 'object->ref_count > 0' failed

(firefox:23244): GLib-GObject-CRITICAL **: g_object_unref: assertion 'object->ref_count > 0' failed

(firefox:23244): GLib-GObject-CRITICAL **: g_object_ref: assertion 'object->ref_count > 0' failed

(firefox:23244): GLib-GObject-CRITICAL **: g_object_unref: assertion 'object->ref_count > 0' failed

(firefox:23244): GLib-GObject-CRITICAL **: g_object_ref: assertion 'object->ref_count > 0' failed

(firefox:23244): GLib-GObject-CRITICAL **: g_object_unref: assertion 'object->ref_count > 0' failed

(firefox:23244): GLib-GObject-CRITICAL **: g_object_ref: assertion 'object->ref_count > 0' failed

(firefox:23244): GLib-GObject-CRITICAL **: g_object_unref: assertion 'object->ref_count > 0' failed

(firefox:23244): GLib-GObject-CRITICAL **: g_object_ref: assertion 'object->ref_count > 0' failed

(firefox:23244): GLib-GObject-CRITICAL **: g_object_unref: assertion 'object->ref_count > 0' failed

(firefox:23244): GLib-GObject-CRITICAL **: g_object_ref: assertion 'object->ref_count > 0' failed

(firefox:23244): GLib-GObject-CRITICAL **: g_object_unref: assertion 'object->ref_count > 0' failed
1528774449174	geckodriver	INFO	Listening on 127.0.0.1:38055
1528774450213	mozprofile::profile	INFO	Using profile path /tmp/rust_mozprofile.fT9mveEKQJyO
1528774450214	geckodriver::marionette	INFO	Starting browser /usr/bin/firefox with args []
1528774450218	geckodriver::marionette	INFO	Connecting to Marionette on localhost:49332
1528774450996	Marionette	INFO	Enabled via --marionette

(firefox:23457): GLib-GObject-CRITICAL **: g_object_ref: assertion 'object->ref_count > 0' failed

(firefox:23457): GLib-GObject-CRITICAL **: g_object_unref: assertion 'object->ref_count > 0' failed

(firefox:23457): GLib-GObject-CRITICAL **: g_object_ref: assertion 'object->ref_count > 0' failed

(firefox:23457): GLib-GObject-CRITICAL **: g_object_unref: assertion 'object->ref_count > 0' failed

(firefox:23457): GLib-GObject-CRITICAL **: g_object_ref: assertion 'object->ref_count > 0' failed

(firefox:23457): GLib-GObject-CRITICAL **: g_object_unref: assertion 'object->ref_count > 0' failed

(/usr/lib/firefox/firefox:23521): GLib-GObject-CRITICAL **: g_object_ref: assertion 'object->ref_count > 0' failed

(/usr/lib/firefox/firefox:23521): GLib-GObject-CRITICAL **: g_object_unref: assertion 'object->ref_count > 0' failed

(/usr/lib/firefox/firefox:23521): GLib-GObject-CRITICAL **: g_object_ref: assertion 'object->ref_count > 0' failed

(/usr/lib/firefox/firefox:23521): GLib-GObject-CRITICAL **: g_object_unref: assertion 'object->ref_count > 0' failed

(/usr/lib/firefox/firefox:23521): GLib-GObject-CRITICAL **: g_object_ref: assertion 'object->ref_count > 0' failed

(/usr/lib/firefox/firefox:23521): GLib-GObject-CRITICAL **: g_object_unref: assertion 'object->ref_count > 0' failed
1528774452912	Marionette	INFO	Listening on port 49332

(firefox:23457): GLib-GObject-CRITICAL **: g_object_ref: assertion 'object->ref_count > 0' failed

(firefox:23457): GLib-GObject-CRITICAL **: g_object_unref: assertion 'object->ref_count > 0' failed

(firefox:23457): GLib-GObject-CRITICAL **: g_object_ref: assertion 'object->ref_count > 0' failed

(firefox:23457): GLib-GObject-CRITICAL **: g_object_unref: assertion 'object->ref_count > 0' failed

(firefox:23457): GLib-GObject-CRITICAL **: g_object_ref: assertion 'object->ref_count > 0' failed

(firefox:23457): GLib-GObject-CRITICAL **: g_object_unref: assertion 'object->ref_count > 0' failed

(firefox:23457): GLib-GObject-CRITICAL **: g_object_ref: assertion 'object->ref_count > 0' failed

(firefox:23457): GLib-GObject-CRITICAL **: g_object_unref: assertion 'object->ref_count > 0' failed

(firefox:23457): GLib-GObject-CRITICAL **: g_object_ref: assertion 'object->ref_count > 0' failed

(firefox:23457): GLib-GObject-CRITICAL **: g_object_unref: assertion 'object->ref_count > 0' failed

(firefox:23457): GLib-GObject-CRITICAL **: g_object_ref: assertion 'object->ref_count > 0' failed

(firefox:23457): GLib-GObject-CRITICAL **: g_object_unref: assertion 'object->ref_count > 0' failed

(firefox:23457): GLib-GObject-CRITICAL **: g_object_ref: assertion 'object->ref_count > 0' failed

(firefox:23457): GLib-GObject-CRITICAL **: g_object_unref: assertion 'object->ref_count > 0' failed
1528775329698	geckodriver	INFO	Listening on 127.0.0.1:53263
